time.struct_time(tm_year=2012, tm_mon=4, tm_mday=13, tm_hour=4, tm_min=27, tm_sec=33, tm_wday=4, tm_yday=104, tm_isdst=0);1;NEWSCHEMA;
time.struct_time(tm_year=2012, tm_mon=4, tm_mday=13, tm_hour=4, tm_min=35, tm_sec=2, tm_wday=4, tm_yday=104, tm_isdst=0);1;ADDWIDGET;140347764;('Concept', 'ConceptNet');30.0;150.0;
time.struct_time(tm_year=2012, tm_mon=4, tm_mday=13, tm_hour=4, tm_min=35, tm_sec=2, tm_wday=4, tm_yday=104, tm_isdst=0);1;MOVEWIDGET;140347764;('Concept', 'ConceptNet');30.0;150.0;
time.struct_time(tm_year=2012, tm_mon=4, tm_mday=13, tm_hour=4, tm_min=35, tm_sec=4, tm_wday=4, tm_yday=104, tm_isdst=0);1;ADDWIDGET;143581948;('Concept', 'ConceptNet');140.0;150.0;
time.struct_time(tm_year=2012, tm_mon=4, tm_mday=13, tm_hour=4, tm_min=35, tm_sec=4, tm_wday=4, tm_yday=104, tm_isdst=0);1;ADDLINK;140347764;143581948;;
time.struct_time(tm_year=2012, tm_mon=4, tm_mday=13, tm_hour=4, tm_min=35, tm_sec=5, tm_wday=4, tm_yday=104, tm_isdst=0);1;MOVEWIDGET;143581948;('Concept', 'ConceptNet');140.0;150.0;
time.struct_time(tm_year=2012, tm_mon=4, tm_mday=13, tm_hour=4, tm_min=35, tm_sec=5, tm_wday=4, tm_yday=104, tm_isdst=0);1;MOVEWIDGET;143581948;('Concept', 'ConceptNet');140.0;150.0;
time.struct_time(tm_year=2012, tm_mon=4, tm_mday=13, tm_hour=4, tm_min=35, tm_sec=5, tm_wday=4, tm_yday=104, tm_isdst=0);1;ADDWIDGET;143584108;('Concept', 'ConceptNet');250.0;150.0;
time.struct_time(tm_year=2012, tm_mon=4, tm_mday=13, tm_hour=4, tm_min=35, tm_sec=5, tm_wday=4, tm_yday=104, tm_isdst=0);1;ADDLINK;143581948;143584108;;
time.struct_time(tm_year=2012, tm_mon=4, tm_mday=13, tm_hour=4, tm_min=35, tm_sec=6, tm_wday=4, tm_yday=104, tm_isdst=0);1;MOVEWIDGET;143584108;('Concept', 'ConceptNet');250.0;150.0;
time.struct_time(tm_year=2012, tm_mon=4, tm_mday=13, tm_hour=4, tm_min=35, tm_sec=8, tm_wday=4, tm_yday=104, tm_isdst=0);1;ADDWIDGET;141334324;('Concept', 'ConceptNet');360.0;-240.0;
time.struct_time(tm_year=2012, tm_mon=4, tm_mday=13, tm_hour=4, tm_min=35, tm_sec=8, tm_wday=4, tm_yday=104, tm_isdst=0);1;ADDLINK;143584108;141334324;;
time.struct_time(tm_year=2012, tm_mon=4, tm_mday=13, tm_hour=4, tm_min=35, tm_sec=8, tm_wday=4, tm_yday=104, tm_isdst=0);1;ADDWIDGET;143613356;('Concept', 'ConceptNet');360.0;-130.0;
time.struct_time(tm_year=2012, tm_mon=4, tm_mday=13, tm_hour=4, tm_min=35, tm_sec=8, tm_wday=4, tm_yday=104, tm_isdst=0);1;ADDLINK;143584108;143613356;;
time.struct_time(tm_year=2012, tm_mon=4, tm_mday=13, tm_hour=4, tm_min=35, tm_sec=8, tm_wday=4, tm_yday=104, tm_isdst=0);1;ADDWIDGET;143623412;('Concept', 'ConceptNet');360.0;-20.0;
time.struct_time(tm_year=2012, tm_mon=4, tm_mday=13, tm_hour=4, tm_min=35, tm_sec=8, tm_wday=4, tm_yday=104, tm_isdst=0);1;ADDLINK;143584108;143623412;;
time.struct_time(tm_year=2012, tm_mon=4, tm_mday=13, tm_hour=4, tm_min=35, tm_sec=8, tm_wday=4, tm_yday=104, tm_isdst=0);1;ADDWIDGET;143625212;('Concept', 'ConceptNet');360.0;100.0;
time.struct_time(tm_year=2012, tm_mon=4, tm_mday=13, tm_hour=4, tm_min=35, tm_sec=8, tm_wday=4, tm_yday=104, tm_isdst=0);1;ADDLINK;143584108;143625212;;
time.struct_time(tm_year=2012, tm_mon=4, tm_mday=13, tm_hour=4, tm_min=35, tm_sec=8, tm_wday=4, tm_yday=104, tm_isdst=0);1;ADDWIDGET;143639364;('Concept', 'ConceptNet');360.0;210.0;
time.struct_time(tm_year=2012, tm_mon=4, tm_mday=13, tm_hour=4, tm_min=35, tm_sec=8, tm_wday=4, tm_yday=104, tm_isdst=0);1;ADDLINK;143584108;143639364;;
time.struct_time(tm_year=2012, tm_mon=4, tm_mday=13, tm_hour=4, tm_min=35, tm_sec=9, tm_wday=4, tm_yday=104, tm_isdst=0);1;ADDWIDGET;143641164;('Concept', 'ConceptNet');360.0;320.0;
time.struct_time(tm_year=2012, tm_mon=4, tm_mday=13, tm_hour=4, tm_min=35, tm_sec=9, tm_wday=4, tm_yday=104, tm_isdst=0);1;ADDLINK;143584108;143641164;;
time.struct_time(tm_year=2012, tm_mon=4, tm_mday=13, tm_hour=4, tm_min=35, tm_sec=9, tm_wday=4, tm_yday=104, tm_isdst=0);1;ADDWIDGET;143651220;('Concept', 'ConceptNet');360.0;430.0;
time.struct_time(tm_year=2012, tm_mon=4, tm_mday=13, tm_hour=4, tm_min=35, tm_sec=9, tm_wday=4, tm_yday=104, tm_isdst=0);1;ADDLINK;143584108;143651220;;
time.struct_time(tm_year=2012, tm_mon=4, tm_mday=13, tm_hour=4, tm_min=35, tm_sec=9, tm_wday=4, tm_yday=104, tm_isdst=0);1;ADDWIDGET;143653020;('Concept', 'ConceptNet');360.0;540.0;
time.struct_time(tm_year=2012, tm_mon=4, tm_mday=13, tm_hour=4, tm_min=35, tm_sec=9, tm_wday=4, tm_yday=104, tm_isdst=0);1;ADDLINK;143584108;143653020;;
time.struct_time(tm_year=2012, tm_mon=4, tm_mday=13, tm_hour=4, tm_min=35, tm_sec=15, tm_wday=4, tm_yday=104, tm_isdst=0);1;ADDWIDGET;141334324;('Concept', 'ConceptNet');360.0;150.0;
time.struct_time(tm_year=2012, tm_mon=4, tm_mday=13, tm_hour=4, tm_min=35, tm_sec=15, tm_wday=4, tm_yday=104, tm_isdst=0);1;ADDLINK;143584108;141334324;;
time.struct_time(tm_year=2012, tm_mon=4, tm_mday=13, tm_hour=4, tm_min=35, tm_sec=24, tm_wday=4, tm_yday=104, tm_isdst=0);1;ADDWIDGET;143624204;('Concept', 'ConceptNet');360.0;210.0;
time.struct_time(tm_year=2012, tm_mon=4, tm_mday=13, tm_hour=4, tm_min=35, tm_sec=24, tm_wday=4, tm_yday=104, tm_isdst=0);1;ADDLINK;143584108;143624204;;
time.struct_time(tm_year=2012, tm_mon=4, tm_mday=13, tm_hour=4, tm_min=35, tm_sec=25, tm_wday=4, tm_yday=104, tm_isdst=0);1;MOVEWIDGET;143624204;('Concept', 'ConceptNet');360.0;280.0;
time.struct_time(tm_year=2012, tm_mon=4, tm_mday=13, tm_hour=4, tm_min=35, tm_sec=28, tm_wday=4, tm_yday=104, tm_isdst=0);1;ADDWIDGET;143612852;('Concept', 'ConceptNet');360.0;210.0;
time.struct_time(tm_year=2012, tm_mon=4, tm_mday=13, tm_hour=4, tm_min=35, tm_sec=28, tm_wday=4, tm_yday=104, tm_isdst=0);1;ADDLINK;143584108;143612852;;
time.struct_time(tm_year=2012, tm_mon=4, tm_mday=13, tm_hour=4, tm_min=35, tm_sec=30, tm_wday=4, tm_yday=104, tm_isdst=0);1;MOVEWIDGET;143624204;('Concept', 'ConceptNet');390.0;360.0;
time.struct_time(tm_year=2012, tm_mon=4, tm_mday=13, tm_hour=4, tm_min=35, tm_sec=31, tm_wday=4, tm_yday=104, tm_isdst=0);1;MOVEWIDGET;143612852;('Concept', 'ConceptNet');510.0;250.0;
time.struct_time(tm_year=2012, tm_mon=4, tm_mday=13, tm_hour=4, tm_min=35, tm_sec=43, tm_wday=4, tm_yday=104, tm_isdst=0);1;CLOSESCHEMA;
time.struct_time(tm_year=2012, tm_mon=4, tm_mday=13, tm_hour=4, tm_min=36, tm_sec=0, tm_wday=4, tm_yday=104, tm_isdst=0);2;NEWSCHEMA;
time.struct_time(tm_year=2012, tm_mon=4, tm_mday=13, tm_hour=4, tm_min=36, tm_sec=24, tm_wday=4, tm_yday=104, tm_isdst=0);2;ADDWIDGET;140347764;('Concept', 'ConceptNet');30.0;150.0;
time.struct_time(tm_year=2012, tm_mon=4, tm_mday=13, tm_hour=4, tm_min=36, tm_sec=25, tm_wday=4, tm_yday=104, tm_isdst=0);2;MOVEWIDGET;140347764;('Concept', 'ConceptNet');30.0;150.0;
time.struct_time(tm_year=2012, tm_mon=4, tm_mday=13, tm_hour=4, tm_min=36, tm_sec=25, tm_wday=4, tm_yday=104, tm_isdst=0);2;MOVEWIDGET;140347764;('Concept', 'ConceptNet');30.0;150.0;
time.struct_time(tm_year=2012, tm_mon=4, tm_mday=13, tm_hour=4, tm_min=36, tm_sec=28, tm_wday=4, tm_yday=104, tm_isdst=0);2;ADDWIDGET;144065132;('Concept', 'ConceptNet');140.0;150.0;
time.struct_time(tm_year=2012, tm_mon=4, tm_mday=13, tm_hour=4, tm_min=36, tm_sec=28, tm_wday=4, tm_yday=104, tm_isdst=0);2;ADDLINK;140347764;144065132;;
time.struct_time(tm_year=2012, tm_mon=4, tm_mday=13, tm_hour=4, tm_min=36, tm_sec=29, tm_wday=4, tm_yday=104, tm_isdst=0);2;MOVEWIDGET;144065132;('Concept', 'ConceptNet');140.0;150.0;
time.struct_time(tm_year=2012, tm_mon=4, tm_mday=13, tm_hour=4, tm_min=36, tm_sec=30, tm_wday=4, tm_yday=104, tm_isdst=0);2;MOVEWIDGET;144065132;('Concept', 'ConceptNet');140.0;150.0;
time.struct_time(tm_year=2012, tm_mon=4, tm_mday=13, tm_hour=4, tm_min=36, tm_sec=30, tm_wday=4, tm_yday=104, tm_isdst=0);2;MOVEWIDGET;144065132;('Concept', 'ConceptNet');140.0;150.0;
time.struct_time(tm_year=2012, tm_mon=4, tm_mday=13, tm_hour=4, tm_min=36, tm_sec=30, tm_wday=4, tm_yday=104, tm_isdst=0);2;ADDWIDGET;144067292;('Concept', 'ConceptNet');250.0;150.0;
time.struct_time(tm_year=2012, tm_mon=4, tm_mday=13, tm_hour=4, tm_min=36, tm_sec=30, tm_wday=4, tm_yday=104, tm_isdst=0);2;ADDLINK;144065132;144067292;;
time.struct_time(tm_year=2012, tm_mon=4, tm_mday=13, tm_hour=4, tm_min=36, tm_sec=36, tm_wday=4, tm_yday=104, tm_isdst=0);2;ADDWIDGET;141471148;('Concept', 'ConceptNet');360.0;150.0;
time.struct_time(tm_year=2012, tm_mon=4, tm_mday=13, tm_hour=4, tm_min=36, tm_sec=36, tm_wday=4, tm_yday=104, tm_isdst=0);2;ADDLINK;144067292;141471148;;
time.struct_time(tm_year=2012, tm_mon=4, tm_mday=13, tm_hour=4, tm_min=36, tm_sec=37, tm_wday=4, tm_yday=104, tm_isdst=0);2;MOVEWIDGET;141471148;('Concept', 'ConceptNet');410.0;50.0;
time.struct_time(tm_year=2012, tm_mon=4, tm_mday=13, tm_hour=4, tm_min=36, tm_sec=39, tm_wday=4, tm_yday=104, tm_isdst=0);2;ADDWIDGET;144092372;('Concept', 'ConceptNet');360.0;150.0;
time.struct_time(tm_year=2012, tm_mon=4, tm_mday=13, tm_hour=4, tm_min=36, tm_sec=39, tm_wday=4, tm_yday=104, tm_isdst=0);2;ADDLINK;144067292;144092372;;
time.struct_time(tm_year=2012, tm_mon=4, tm_mday=13, tm_hour=4, tm_min=36, tm_sec=41, tm_wday=4, tm_yday=104, tm_isdst=0);2;MOVEWIDGET;144092372;('Concept', 'ConceptNet');540.0;240.0;
time.struct_time(tm_year=2012, tm_mon=4, tm_mday=13, tm_hour=4, tm_min=36, tm_sec=46, tm_wday=4, tm_yday=104, tm_isdst=0);2;ADDWIDGET;144103580;('Concept', 'ConceptNet');360.0;-130.0;
time.struct_time(tm_year=2012, tm_mon=4, tm_mday=13, tm_hour=4, tm_min=36, tm_sec=46, tm_wday=4, tm_yday=104, tm_isdst=0);2;ADDLINK;144067292;144103580;;
time.struct_time(tm_year=2012, tm_mon=4, tm_mday=13, tm_hour=4, tm_min=36, tm_sec=46, tm_wday=4, tm_yday=104, tm_isdst=0);2;ADDWIDGET;144122908;('Concept', 'ConceptNet');360.0;-20.0;
time.struct_time(tm_year=2012, tm_mon=4, tm_mday=13, tm_hour=4, tm_min=36, tm_sec=46, tm_wday=4, tm_yday=104, tm_isdst=0);2;ADDLINK;144067292;144122908;;
time.struct_time(tm_year=2012, tm_mon=4, tm_mday=13, tm_hour=4, tm_min=36, tm_sec=46, tm_wday=4, tm_yday=104, tm_isdst=0);2;ADDWIDGET;144124708;('Concept', 'ConceptNet');360.0;100.0;
time.struct_time(tm_year=2012, tm_mon=4, tm_mday=13, tm_hour=4, tm_min=36, tm_sec=46, tm_wday=4, tm_yday=104, tm_isdst=0);2;ADDLINK;144067292;144124708;;
time.struct_time(tm_year=2012, tm_mon=4, tm_mday=13, tm_hour=4, tm_min=36, tm_sec=46, tm_wday=4, tm_yday=104, tm_isdst=0);2;ADDWIDGET;144134764;('Concept', 'ConceptNet');360.0;210.0;
time.struct_time(tm_year=2012, tm_mon=4, tm_mday=13, tm_hour=4, tm_min=36, tm_sec=46, tm_wday=4, tm_yday=104, tm_isdst=0);2;ADDLINK;144067292;144134764;;
time.struct_time(tm_year=2012, tm_mon=4, tm_mday=13, tm_hour=4, tm_min=36, tm_sec=46, tm_wday=4, tm_yday=104, tm_isdst=0);2;ADDWIDGET;144136564;('Concept', 'ConceptNet');360.0;320.0;
time.struct_time(tm_year=2012, tm_mon=4, tm_mday=13, tm_hour=4, tm_min=36, tm_sec=46, tm_wday=4, tm_yday=104, tm_isdst=0);2;ADDLINK;144067292;144136564;;
time.struct_time(tm_year=2012, tm_mon=4, tm_mday=13, tm_hour=4, tm_min=36, tm_sec=46, tm_wday=4, tm_yday=104, tm_isdst=0);2;ADDWIDGET;144146620;('Concept', 'ConceptNet');360.0;430.0;
time.struct_time(tm_year=2012, tm_mon=4, tm_mday=13, tm_hour=4, tm_min=36, tm_sec=46, tm_wday=4, tm_yday=104, tm_isdst=0);2;ADDLINK;144067292;144146620;;
time.struct_time(tm_year=2012, tm_mon=4, tm_mday=13, tm_hour=4, tm_min=36, tm_sec=49, tm_wday=4, tm_yday=104, tm_isdst=0);2;MOVEWIDGET;144134764;('Concept', 'ConceptNet');550.0;140.0;
time.struct_time(tm_year=2012, tm_mon=4, tm_mday=13, tm_hour=4, tm_min=36, tm_sec=50, tm_wday=4, tm_yday=104, tm_isdst=0);2;MOVEWIDGET;144136564;('Concept', 'ConceptNet');570.0;400.0;
time.struct_time(tm_year=2012, tm_mon=4, tm_mday=13, tm_hour=4, tm_min=37, tm_sec=4, tm_wday=4, tm_yday=104, tm_isdst=0);2;MOVEWIDGET;144067292;('Concept', 'ConceptNet');250.0;150.0;
time.struct_time(tm_year=2012, tm_mon=4, tm_mday=13, tm_hour=4, tm_min=37, tm_sec=4, tm_wday=4, tm_yday=104, tm_isdst=0);2;ADDWIDGET;144102428;('Concept', 'ConceptNet');360.0;-70.0;
time.struct_time(tm_year=2012, tm_mon=4, tm_mday=13, tm_hour=4, tm_min=37, tm_sec=4, tm_wday=4, tm_yday=104, tm_isdst=0);2;ADDLINK;144067292;144102428;;
time.struct_time(tm_year=2012, tm_mon=4, tm_mday=13, tm_hour=4, tm_min=37, tm_sec=4, tm_wday=4, tm_yday=104, tm_isdst=0);2;ADDWIDGET;144121900;('Concept', 'ConceptNet');360.0;40.0;
time.struct_time(tm_year=2012, tm_mon=4, tm_mday=13, tm_hour=4, tm_min=37, tm_sec=4, tm_wday=4, tm_yday=104, tm_isdst=0);2;ADDLINK;144067292;144121900;;
time.struct_time(tm_year=2012, tm_mon=4, tm_mday=13, tm_hour=4, tm_min=37, tm_sec=4, tm_wday=4, tm_yday=104, tm_isdst=0);2;ADDWIDGET;144124348;('Concept', 'ConceptNet');360.0;150.0;
time.struct_time(tm_year=2012, tm_mon=4, tm_mday=13, tm_hour=4, tm_min=37, tm_sec=4, tm_wday=4, tm_yday=104, tm_isdst=0);2;ADDLINK;144067292;144124348;;
time.struct_time(tm_year=2012, tm_mon=4, tm_mday=13, tm_hour=4, tm_min=37, tm_sec=4, tm_wday=4, tm_yday=104, tm_isdst=0);2;ADDWIDGET;144149572;('Concept', 'ConceptNet');360.0;260.0;
time.struct_time(tm_year=2012, tm_mon=4, tm_mday=13, tm_hour=4, tm_min=37, tm_sec=4, tm_wday=4, tm_yday=104, tm_isdst=0);2;ADDLINK;144067292;144149572;;
time.struct_time(tm_year=2012, tm_mon=4, tm_mday=13, tm_hour=4, tm_min=37, tm_sec=12, tm_wday=4, tm_yday=104, tm_isdst=0);2;MOVEWIDGET;144067292;('Concept', 'ConceptNet');250.0;150.0;
time.struct_time(tm_year=2012, tm_mon=4, tm_mday=13, tm_hour=4, tm_min=37, tm_sec=12, tm_wday=4, tm_yday=104, tm_isdst=0);2;ADDWIDGET;144103436;('Concept', 'ConceptNet');360.0;-70.0;
time.struct_time(tm_year=2012, tm_mon=4, tm_mday=13, tm_hour=4, tm_min=37, tm_sec=12, tm_wday=4, tm_yday=104, tm_isdst=0);2;ADDLINK;144067292;144103436;;
time.struct_time(tm_year=2012, tm_mon=4, tm_mday=13, tm_hour=4, tm_min=37, tm_sec=12, tm_wday=4, tm_yday=104, tm_isdst=0);2;ADDWIDGET;144124348;('Concept', 'ConceptNet');360.0;40.0;
time.struct_time(tm_year=2012, tm_mon=4, tm_mday=13, tm_hour=4, tm_min=37, tm_sec=12, tm_wday=4, tm_yday=104, tm_isdst=0);2;ADDLINK;144067292;144124348;;
time.struct_time(tm_year=2012, tm_mon=4, tm_mday=13, tm_hour=4, tm_min=37, tm_sec=12, tm_wday=4, tm_yday=104, tm_isdst=0);2;ADDWIDGET;144162860;('Concept', 'ConceptNet');360.0;150.0;
time.struct_time(tm_year=2012, tm_mon=4, tm_mday=13, tm_hour=4, tm_min=37, tm_sec=12, tm_wday=4, tm_yday=104, tm_isdst=0);2;ADDLINK;144067292;144162860;;
time.struct_time(tm_year=2012, tm_mon=4, tm_mday=13, tm_hour=4, tm_min=37, tm_sec=12, tm_wday=4, tm_yday=104, tm_isdst=0);2;ADDWIDGET;144165884;('Concept', 'ConceptNet');360.0;260.0;
time.struct_time(tm_year=2012, tm_mon=4, tm_mday=13, tm_hour=4, tm_min=37, tm_sec=12, tm_wday=4, tm_yday=104, tm_isdst=0);2;ADDLINK;144067292;144165884;;
time.struct_time(tm_year=2012, tm_mon=4, tm_mday=13, tm_hour=4, tm_min=37, tm_sec=17, tm_wday=4, tm_yday=104, tm_isdst=0);2;ADDWIDGET;144184204;('Concept', 'ConceptNet');470.0;260.0;
time.struct_time(tm_year=2012, tm_mon=4, tm_mday=13, tm_hour=4, tm_min=37, tm_sec=18, tm_wday=4, tm_yday=104, tm_isdst=0);2;MOVEWIDGET;144184204;('Concept', 'ConceptNet');540.0;60.0;
time.struct_time(tm_year=2012, tm_mon=4, tm_mday=13, tm_hour=4, tm_min=37, tm_sec=19, tm_wday=4, tm_yday=104, tm_isdst=0);2;MOVEWIDGET;144184204;('Concept', 'ConceptNet');540.0;60.0;
time.struct_time(tm_year=2012, tm_mon=4, tm_mday=13, tm_hour=4, tm_min=37, tm_sec=19, tm_wday=4, tm_yday=104, tm_isdst=0);2;MOVEWIDGET;144184204;('Concept', 'ConceptNet');540.0;60.0;
time.struct_time(tm_year=2012, tm_mon=4, tm_mday=13, tm_hour=4, tm_min=37, tm_sec=25, tm_wday=4, tm_yday=104, tm_isdst=0);2;ADDWIDGET;144185500;('Concept', 'ConceptNet');650.0;60.0;
time.struct_time(tm_year=2012, tm_mon=4, tm_mday=13, tm_hour=4, tm_min=37, tm_sec=25, tm_wday=4, tm_yday=104, tm_isdst=0);2;ADDLINK;144184204;144185500;;
time.struct_time(tm_year=2012, tm_mon=4, tm_mday=13, tm_hour=4, tm_min=37, tm_sec=26, tm_wday=4, tm_yday=104, tm_isdst=0);2;MOVEWIDGET;144185500;('Concept', 'ConceptNet');650.0;60.0;
time.struct_time(tm_year=2012, tm_mon=4, tm_mday=13, tm_hour=4, tm_min=37, tm_sec=26, tm_wday=4, tm_yday=104, tm_isdst=0);2;ADDWIDGET;144191820;('Concept', 'ConceptNet');760.0;60.0;
time.struct_time(tm_year=2012, tm_mon=4, tm_mday=13, tm_hour=4, tm_min=37, tm_sec=26, tm_wday=4, tm_yday=104, tm_isdst=0);2;ADDLINK;144185500;144191820;;
time.struct_time(tm_year=2012, tm_mon=4, tm_mday=13, tm_hour=4, tm_min=37, tm_sec=29, tm_wday=4, tm_yday=104, tm_isdst=0);2;ADDWIDGET;141471148;('Concept', 'ConceptNet');870.0;60.0;
time.struct_time(tm_year=2012, tm_mon=4, tm_mday=13, tm_hour=4, tm_min=37, tm_sec=29, tm_wday=4, tm_yday=104, tm_isdst=0);2;ADDLINK;144191820;141471148;;
time.struct_time(tm_year=2012, tm_mon=4, tm_mday=13, tm_hour=4, tm_min=37, tm_sec=31, tm_wday=4, tm_yday=104, tm_isdst=0);2;MOVEWIDGET;141471148;('Concept', 'ConceptNet');880.0;-70.0;
time.struct_time(tm_year=2012, tm_mon=4, tm_mday=13, tm_hour=4, tm_min=37, tm_sec=35, tm_wday=4, tm_yday=104, tm_isdst=0);2;ADDWIDGET;144123988;('Concept', 'ConceptNet');870.0;-160.0;
time.struct_time(tm_year=2012, tm_mon=4, tm_mday=13, tm_hour=4, tm_min=37, tm_sec=35, tm_wday=4, tm_yday=104, tm_isdst=0);2;ADDLINK;144191820;144123988;;
time.struct_time(tm_year=2012, tm_mon=4, tm_mday=13, tm_hour=4, tm_min=37, tm_sec=35, tm_wday=4, tm_yday=104, tm_isdst=0);2;ADDWIDGET;144101852;('Concept', 'ConceptNet');870.0;10.0;
time.struct_time(tm_year=2012, tm_mon=4, tm_mday=13, tm_hour=4, tm_min=37, tm_sec=35, tm_wday=4, tm_yday=104, tm_isdst=0);2;ADDLINK;144191820;144101852;;
time.struct_time(tm_year=2012, tm_mon=4, tm_mday=13, tm_hour=4, tm_min=37, tm_sec=35, tm_wday=4, tm_yday=104, tm_isdst=0);2;ADDWIDGET;144192324;('Concept', 'ConceptNet');870.0;60.0;
time.struct_time(tm_year=2012, tm_mon=4, tm_mday=13, tm_hour=4, tm_min=37, tm_sec=35, tm_wday=4, tm_yday=104, tm_isdst=0);2;ADDLINK;144191820;144192324;;
time.struct_time(tm_year=2012, tm_mon=4, tm_mday=13, tm_hour=4, tm_min=37, tm_sec=35, tm_wday=4, tm_yday=104, tm_isdst=0);2;ADDWIDGET;144194124;('Concept', 'ConceptNet');870.0;170.0;
time.struct_time(tm_year=2012, tm_mon=4, tm_mday=13, tm_hour=4, tm_min=37, tm_sec=35, tm_wday=4, tm_yday=104, tm_isdst=0);2;ADDLINK;144191820;144194124;;
time.struct_time(tm_year=2012, tm_mon=4, tm_mday=13, tm_hour=4, tm_min=37, tm_sec=35, tm_wday=4, tm_yday=104, tm_isdst=0);2;ADDWIDGET;145564052;('Concept', 'ConceptNet');870.0;280.0;
time.struct_time(tm_year=2012, tm_mon=4, tm_mday=13, tm_hour=4, tm_min=37, tm_sec=35, tm_wday=4, tm_yday=104, tm_isdst=0);2;ADDLINK;144191820;145564052;;
time.struct_time(tm_year=2012, tm_mon=4, tm_mday=13, tm_hour=4, tm_min=37, tm_sec=39, tm_wday=4, tm_yday=104, tm_isdst=0);2;MOVEWIDGET;144191820;('Concept', 'ConceptNet');760.0;60.0;
time.struct_time(tm_year=2012, tm_mon=4, tm_mday=13, tm_hour=4, tm_min=37, tm_sec=41, tm_wday=4, tm_yday=104, tm_isdst=0);2;MOVEWIDGET;144123988;('Concept', 'ConceptNet');690.0;-180.0;
time.struct_time(tm_year=2012, tm_mon=4, tm_mday=13, tm_hour=4, tm_min=37, tm_sec=42, tm_wday=4, tm_yday=104, tm_isdst=0);2;MOVEWIDGET;141471148;('Concept', 'ConceptNet');870.0;-140.0;
time.struct_time(tm_year=2012, tm_mon=4, tm_mday=13, tm_hour=4, tm_min=37, tm_sec=43, tm_wday=4, tm_yday=104, tm_isdst=0);2;MOVEWIDGET;144101852;('Concept', 'ConceptNet');920.0;-50.0;
time.struct_time(tm_year=2012, tm_mon=4, tm_mday=13, tm_hour=4, tm_min=37, tm_sec=44, tm_wday=4, tm_yday=104, tm_isdst=0);2;MOVEWIDGET;144192324;('Concept', 'ConceptNet');900.0;70.0;
time.struct_time(tm_year=2012, tm_mon=4, tm_mday=13, tm_hour=4, tm_min=37, tm_sec=57, tm_wday=4, tm_yday=104, tm_isdst=0);2;ADDWIDGET;144185140;('Concept', 'ConceptNet');470.0;260.0;
time.struct_time(tm_year=2012, tm_mon=4, tm_mday=13, tm_hour=4, tm_min=37, tm_sec=59, tm_wday=4, tm_yday=104, tm_isdst=0);2;MOVEWIDGET;144185140;('Concept', 'ConceptNet');480.0;20.0;
time.struct_time(tm_year=2012, tm_mon=4, tm_mday=13, tm_hour=4, tm_min=38, tm_sec=1, tm_wday=4, tm_yday=104, tm_isdst=0);2;MOVEWIDGET;144185140;('Concept', 'ConceptNet');480.0;20.0;
time.struct_time(tm_year=2012, tm_mon=4, tm_mday=13, tm_hour=4, tm_min=38, tm_sec=7, tm_wday=4, tm_yday=104, tm_isdst=0);2;ADDWIDGET;144148060;('Concept', 'ConceptNet');590.0;20.0;
time.struct_time(tm_year=2012, tm_mon=4, tm_mday=13, tm_hour=4, tm_min=38, tm_sec=7, tm_wday=4, tm_yday=104, tm_isdst=0);2;ADDLINK;144185140;144148060;;
time.struct_time(tm_year=2012, tm_mon=4, tm_mday=13, tm_hour=4, tm_min=38, tm_sec=10, tm_wday=4, tm_yday=104, tm_isdst=0);2;MOVEWIDGET;144148060;('Concept', 'ConceptNet');590.0;20.0;
time.struct_time(tm_year=2012, tm_mon=4, tm_mday=13, tm_hour=4, tm_min=38, tm_sec=10, tm_wday=4, tm_yday=104, tm_isdst=0);2;ADDWIDGET;144193980;('Concept', 'ConceptNet');700.0;20.0;
time.struct_time(tm_year=2012, tm_mon=4, tm_mday=13, tm_hour=4, tm_min=38, tm_sec=10, tm_wday=4, tm_yday=104, tm_isdst=0);2;ADDLINK;144148060;144193980;;
time.struct_time(tm_year=2012, tm_mon=4, tm_mday=13, tm_hour=4, tm_min=38, tm_sec=17, tm_wday=4, tm_yday=104, tm_isdst=0);2;ADDWIDGET;144184852;('Concept', 'ConceptNet');810.0;-40.0;
time.struct_time(tm_year=2012, tm_mon=4, tm_mday=13, tm_hour=4, tm_min=38, tm_sec=17, tm_wday=4, tm_yday=104, tm_isdst=0);2;ADDLINK;144193980;144184852;;
time.struct_time(tm_year=2012, tm_mon=4, tm_mday=13, tm_hour=4, tm_min=38, tm_sec=17, tm_wday=4, tm_yday=104, tm_isdst=0);2;ADDWIDGET;145568292;('Concept', 'ConceptNet');810.0;80.0;
time.struct_time(tm_year=2012, tm_mon=4, tm_mday=13, tm_hour=4, tm_min=38, tm_sec=17, tm_wday=4, tm_yday=104, tm_isdst=0);2;ADDLINK;144193980;145568292;;
time.struct_time(tm_year=2012, tm_mon=4, tm_mday=13, tm_hour=4, tm_min=38, tm_sec=25, tm_wday=4, tm_yday=104, tm_isdst=0);2;ADDWIDGET;145564772;('Concept', 'ConceptNet');810.0;10.0;
time.struct_time(tm_year=2012, tm_mon=4, tm_mday=13, tm_hour=4, tm_min=38, tm_sec=25, tm_wday=4, tm_yday=104, tm_isdst=0);2;ADDLINK;144193980;145564772;;
time.struct_time(tm_year=2012, tm_mon=4, tm_mday=13, tm_hour=4, tm_min=38, tm_sec=25, tm_wday=4, tm_yday=104, tm_isdst=0);2;ADDWIDGET;145568796;('Concept', 'ConceptNet');810.0;80.0;
time.struct_time(tm_year=2012, tm_mon=4, tm_mday=13, tm_hour=4, tm_min=38, tm_sec=25, tm_wday=4, tm_yday=104, tm_isdst=0);2;ADDLINK;144193980;145568796;;
time.struct_time(tm_year=2012, tm_mon=4, tm_mday=13, tm_hour=4, tm_min=38, tm_sec=26, tm_wday=4, tm_yday=104, tm_isdst=0);2;MOVEWIDGET;145568796;('Concept', 'ConceptNet');790.0;230.0;
time.struct_time(tm_year=2012, tm_mon=4, tm_mday=13, tm_hour=4, tm_min=38, tm_sec=27, tm_wday=4, tm_yday=104, tm_isdst=0);2;MOVEWIDGET;145564772;('Concept', 'ConceptNet');860.0;140.0;
time.struct_time(tm_year=2012, tm_mon=4, tm_mday=13, tm_hour=4, tm_min=38, tm_sec=40, tm_wday=4, tm_yday=104, tm_isdst=0);2;ADDWIDGET;145585900;('Concept', 'ConceptNet');900.0;230.0;
time.struct_time(tm_year=2012, tm_mon=4, tm_mday=13, tm_hour=4, tm_min=38, tm_sec=42, tm_wday=4, tm_yday=104, tm_isdst=0);2;MOVEWIDGET;145585900;('Concept', 'ConceptNet');490.0;180.0;
time.struct_time(tm_year=2012, tm_mon=4, tm_mday=13, tm_hour=4, tm_min=38, tm_sec=44, tm_wday=4, tm_yday=104, tm_isdst=0);2;MOVEWIDGET;145585900;('Concept', 'ConceptNet');470.0;140.0;
time.struct_time(tm_year=2012, tm_mon=4, tm_mday=13, tm_hour=4, tm_min=38, tm_sec=44, tm_wday=4, tm_yday=104, tm_isdst=0);2;MOVEWIDGET;145585900;('Concept', 'ConceptNet');470.0;140.0;
time.struct_time(tm_year=2012, tm_mon=4, tm_mday=13, tm_hour=4, tm_min=38, tm_sec=51, tm_wday=4, tm_yday=104, tm_isdst=0);2;ADDWIDGET;145587196;('Concept', 'ConceptNet');580.0;140.0;
time.struct_time(tm_year=2012, tm_mon=4, tm_mday=13, tm_hour=4, tm_min=38, tm_sec=51, tm_wday=4, tm_yday=104, tm_isdst=0);2;ADDLINK;145585900;145587196;;
time.struct_time(tm_year=2012, tm_mon=4, tm_mday=13, tm_hour=4, tm_min=38, tm_sec=51, tm_wday=4, tm_yday=104, tm_isdst=0);2;MOVEWIDGET;145585900;('Concept', 'ConceptNet');470.0;110.0;
time.struct_time(tm_year=2012, tm_mon=4, tm_mday=13, tm_hour=4, tm_min=38, tm_sec=52, tm_wday=4, tm_yday=104, tm_isdst=0);2;MOVEWIDGET;145587196;('Concept', 'ConceptNet');600.0;170.0;
time.struct_time(tm_year=2012, tm_mon=4, tm_mday=13, tm_hour=4, tm_min=38, tm_sec=53, tm_wday=4, tm_yday=104, tm_isdst=0);2;MOVEWIDGET;145587196;('Concept', 'ConceptNet');560.0;190.0;
time.struct_time(tm_year=2012, tm_mon=4, tm_mday=13, tm_hour=4, tm_min=38, tm_sec=53, tm_wday=4, tm_yday=104, tm_isdst=0);2;MOVEWIDGET;145587196;('Concept', 'ConceptNet');560.0;190.0;
time.struct_time(tm_year=2012, tm_mon=4, tm_mday=13, tm_hour=4, tm_min=38, tm_sec=55, tm_wday=4, tm_yday=104, tm_isdst=0);2;MOVEWIDGET;145587196;('Concept', 'ConceptNet');560.0;190.0;
time.struct_time(tm_year=2012, tm_mon=4, tm_mday=13, tm_hour=4, tm_min=38, tm_sec=56, tm_wday=4, tm_yday=104, tm_isdst=0);2;MOVEWIDGET;145587196;('Concept', 'ConceptNet');560.0;190.0;
time.struct_time(tm_year=2012, tm_mon=4, tm_mday=13, tm_hour=4, tm_min=38, tm_sec=57, tm_wday=4, tm_yday=104, tm_isdst=0);2;MOVEWIDGET;145587196;('Concept', 'ConceptNet');560.0;190.0;
time.struct_time(tm_year=2012, tm_mon=4, tm_mday=13, tm_hour=4, tm_min=38, tm_sec=58, tm_wday=4, tm_yday=104, tm_isdst=0);2;MOVEWIDGET;145587196;('Concept', 'ConceptNet');560.0;190.0;
time.struct_time(tm_year=2012, tm_mon=4, tm_mday=13, tm_hour=4, tm_min=39, tm_sec=20, tm_wday=4, tm_yday=104, tm_isdst=0);2;ADDWIDGET;145592796;('Concept', 'ConceptNet');900.0;230.0;
time.struct_time(tm_year=2012, tm_mon=4, tm_mday=13, tm_hour=4, tm_min=39, tm_sec=22, tm_wday=4, tm_yday=104, tm_isdst=0);2;MOVEWIDGET;145592796;('Concept', 'ConceptNet');480.0;-80.0;
time.struct_time(tm_year=2012, tm_mon=4, tm_mday=13, tm_hour=4, tm_min=39, tm_sec=30, tm_wday=4, tm_yday=104, tm_isdst=0);2;MOVEWIDGET;144185140;('Concept', 'ConceptNet');480.0;20.0;
time.struct_time(tm_year=2012, tm_mon=4, tm_mday=13, tm_hour=4, tm_min=39, tm_sec=34, tm_wday=4, tm_yday=104, tm_isdst=0);2;ADDWIDGET;144124420;('Concept', 'ConceptNet');590.0;20.0;
time.struct_time(tm_year=2012, tm_mon=4, tm_mday=13, tm_hour=4, tm_min=39, tm_sec=34, tm_wday=4, tm_yday=104, tm_isdst=0);2;ADDLINK;144185140;144124420;;
time.struct_time(tm_year=2012, tm_mon=4, tm_mday=13, tm_hour=4, tm_min=39, tm_sec=37, tm_wday=4, tm_yday=104, tm_isdst=0);2;MOVEWIDGET;144124420;('Concept', 'ConceptNet');590.0;20.0;
time.struct_time(tm_year=2012, tm_mon=4, tm_mday=13, tm_hour=4, tm_min=39, tm_sec=37, tm_wday=4, tm_yday=104, tm_isdst=0);2;ADDWIDGET;144104876;('Concept', 'ConceptNet');700.0;-370.0;
time.struct_time(tm_year=2012, tm_mon=4, tm_mday=13, tm_hour=4, tm_min=39, tm_sec=37, tm_wday=4, tm_yday=104, tm_isdst=0);2;ADDLINK;144124420;144104876;;
time.struct_time(tm_year=2012, tm_mon=4, tm_mday=13, tm_hour=4, tm_min=39, tm_sec=37, tm_wday=4, tm_yday=104, tm_isdst=0);2;ADDWIDGET;144135196;('Concept', 'ConceptNet');700.0;-260.0;
time.struct_time(tm_year=2012, tm_mon=4, tm_mday=13, tm_hour=4, tm_min=39, tm_sec=37, tm_wday=4, tm_yday=104, tm_isdst=0);2;ADDLINK;144124420;144135196;;
time.struct_time(tm_year=2012, tm_mon=4, tm_mday=13, tm_hour=4, tm_min=39, tm_sec=37, tm_wday=4, tm_yday=104, tm_isdst=0);2;ADDWIDGET;145568364;('Concept', 'ConceptNet');700.0;-150.0;
time.struct_time(tm_year=2012, tm_mon=4, tm_mday=13, tm_hour=4, tm_min=39, tm_sec=37, tm_wday=4, tm_yday=104, tm_isdst=0);2;ADDLINK;144124420;145568364;;
time.struct_time(tm_year=2012, tm_mon=4, tm_mday=13, tm_hour=4, tm_min=39, tm_sec=38, tm_wday=4, tm_yday=104, tm_isdst=0);2;ADDWIDGET;145602068;('Concept', 'ConceptNet');700.0;-40.0;
time.struct_time(tm_year=2012, tm_mon=4, tm_mday=13, tm_hour=4, tm_min=39, tm_sec=38, tm_wday=4, tm_yday=104, tm_isdst=0);2;ADDLINK;144124420;145602068;;
time.struct_time(tm_year=2012, tm_mon=4, tm_mday=13, tm_hour=4, tm_min=39, tm_sec=38, tm_wday=4, tm_yday=104, tm_isdst=0);2;ADDWIDGET;145603868;('Concept', 'ConceptNet');700.0;80.0;
time.struct_time(tm_year=2012, tm_mon=4, tm_mday=13, tm_hour=4, tm_min=39, tm_sec=38, tm_wday=4, tm_yday=104, tm_isdst=0);2;ADDLINK;144124420;145603868;;
time.struct_time(tm_year=2012, tm_mon=4, tm_mday=13, tm_hour=4, tm_min=39, tm_sec=38, tm_wday=4, tm_yday=104, tm_isdst=0);2;ADDWIDGET;145622116;('Concept', 'ConceptNet');700.0;190.0;
time.struct_time(tm_year=2012, tm_mon=4, tm_mday=13, tm_hour=4, tm_min=39, tm_sec=38, tm_wday=4, tm_yday=104, tm_isdst=0);2;ADDLINK;144124420;145622116;;
time.struct_time(tm_year=2012, tm_mon=4, tm_mday=13, tm_hour=4, tm_min=39, tm_sec=38, tm_wday=4, tm_yday=104, tm_isdst=0);2;ADDWIDGET;145623916;('Concept', 'ConceptNet');700.0;300.0;
time.struct_time(tm_year=2012, tm_mon=4, tm_mday=13, tm_hour=4, tm_min=39, tm_sec=38, tm_wday=4, tm_yday=104, tm_isdst=0);2;ADDLINK;144124420;145623916;;
time.struct_time(tm_year=2012, tm_mon=4, tm_mday=13, tm_hour=4, tm_min=39, tm_sec=38, tm_wday=4, tm_yday=104, tm_isdst=0);2;ADDWIDGET;145629876;('Concept', 'ConceptNet');700.0;410.0;
time.struct_time(tm_year=2012, tm_mon=4, tm_mday=13, tm_hour=4, tm_min=39, tm_sec=38, tm_wday=4, tm_yday=104, tm_isdst=0);2;ADDLINK;144124420;145629876;;
time.struct_time(tm_year=2012, tm_mon=4, tm_mday=13, tm_hour=4, tm_min=39, tm_sec=44, tm_wday=4, tm_yday=104, tm_isdst=0);2;ADDWIDGET;145632108;('Concept', 'ConceptNet');810.0;-260.0;
time.struct_time(tm_year=2012, tm_mon=4, tm_mday=13, tm_hour=4, tm_min=39, tm_sec=44, tm_wday=4, tm_yday=104, tm_isdst=0);2;ADDLINK;144135196;145632108;;
time.struct_time(tm_year=2012, tm_mon=4, tm_mday=13, tm_hour=4, tm_min=39, tm_sec=46, tm_wday=4, tm_yday=104, tm_isdst=0);2;ADDWIDGET;145650356;('Concept', 'ConceptNet');810.0;-150.0;
time.struct_time(tm_year=2012, tm_mon=4, tm_mday=13, tm_hour=4, tm_min=39, tm_sec=46, tm_wday=4, tm_yday=104, tm_isdst=0);2;ADDLINK;145568364;145650356;;
time.struct_time(tm_year=2012, tm_mon=4, tm_mday=13, tm_hour=4, tm_min=39, tm_sec=48, tm_wday=4, tm_yday=104, tm_isdst=0);2;ADDWIDGET;145652588;('Concept', 'ConceptNet');810.0;-40.0;
time.struct_time(tm_year=2012, tm_mon=4, tm_mday=13, tm_hour=4, tm_min=39, tm_sec=48, tm_wday=4, tm_yday=104, tm_isdst=0);2;ADDLINK;145602068;145652588;;
time.struct_time(tm_year=2012, tm_mon=4, tm_mday=13, tm_hour=4, tm_min=39, tm_sec=50, tm_wday=4, tm_yday=104, tm_isdst=0);2;MOVEWIDGET;145652588;('Concept', 'ConceptNet');830.0;-50.0;
time.struct_time(tm_year=2012, tm_mon=4, tm_mday=13, tm_hour=4, tm_min=39, tm_sec=51, tm_wday=4, tm_yday=104, tm_isdst=0);2;MOVEWIDGET;145652588;('Concept', 'ConceptNet');830.0;-50.0;
time.struct_time(tm_year=2012, tm_mon=4, tm_mday=13, tm_hour=4, tm_min=39, tm_sec=53, tm_wday=4, tm_yday=104, tm_isdst=0);2;ADDWIDGET;145663220;('Concept', 'ConceptNet');940.0;-50.0;
time.struct_time(tm_year=2012, tm_mon=4, tm_mday=13, tm_hour=4, tm_min=39, tm_sec=53, tm_wday=4, tm_yday=104, tm_isdst=0);2;ADDLINK;145652588;145663220;;
time.struct_time(tm_year=2012, tm_mon=4, tm_mday=13, tm_hour=4, tm_min=39, tm_sec=56, tm_wday=4, tm_yday=104, tm_isdst=0);2;MOVEWIDGET;145663220;('Concept', 'ConceptNet');900.0;150.0;
time.struct_time(tm_year=2012, tm_mon=4, tm_mday=13, tm_hour=4, tm_min=40, tm_sec=5, tm_wday=4, tm_yday=104, tm_isdst=0);2;MOVEWIDGET;145622116;('Concept', 'ConceptNet');700.0;190.0;
time.struct_time(tm_year=2012, tm_mon=4, tm_mday=13, tm_hour=4, tm_min=40, tm_sec=6, tm_wday=4, tm_yday=104, tm_isdst=0);2;MOVEWIDGET;145603868;('Concept', 'ConceptNet');700.0;80.0;
time.struct_time(tm_year=2012, tm_mon=4, tm_mday=13, tm_hour=4, tm_min=40, tm_sec=6, tm_wday=4, tm_yday=104, tm_isdst=0);2;MOVEWIDGET;145603868;('Concept', 'ConceptNet');700.0;80.0;
time.struct_time(tm_year=2012, tm_mon=4, tm_mday=13, tm_hour=4, tm_min=40, tm_sec=7, tm_wday=4, tm_yday=104, tm_isdst=0);2;MOVEWIDGET;145603868;('Concept', 'ConceptNet');700.0;80.0;
time.struct_time(tm_year=2012, tm_mon=4, tm_mday=13, tm_hour=4, tm_min=40, tm_sec=9, tm_wday=4, tm_yday=104, tm_isdst=0);2;ADDWIDGET;145653596;('Concept', 'ConceptNet');810.0;80.0;
time.struct_time(tm_year=2012, tm_mon=4, tm_mday=13, tm_hour=4, tm_min=40, tm_sec=9, tm_wday=4, tm_yday=104, tm_isdst=0);2;ADDLINK;145603868;145653596;;
time.struct_time(tm_year=2012, tm_mon=4, tm_mday=13, tm_hour=4, tm_min=40, tm_sec=10, tm_wday=4, tm_yday=104, tm_isdst=0);2;MOVEWIDGET;145653596;('Concept', 'ConceptNet');810.0;80.0;
time.struct_time(tm_year=2012, tm_mon=4, tm_mday=13, tm_hour=4, tm_min=40, tm_sec=12, tm_wday=4, tm_yday=104, tm_isdst=0);2;ADDWIDGET;145683196;('Concept', 'ConceptNet');920.0;-30.0;
time.struct_time(tm_year=2012, tm_mon=4, tm_mday=13, tm_hour=4, tm_min=40, tm_sec=12, tm_wday=4, tm_yday=104, tm_isdst=0);2;ADDLINK;145653596;145683196;;
time.struct_time(tm_year=2012, tm_mon=4, tm_mday=13, tm_hour=4, tm_min=40, tm_sec=14, tm_wday=4, tm_yday=104, tm_isdst=0);2;ADDWIDGET;145684996;('Concept', 'ConceptNet');920.0;80.0;
time.struct_time(tm_year=2012, tm_mon=4, tm_mday=13, tm_hour=4, tm_min=40, tm_sec=14, tm_wday=4, tm_yday=104, tm_isdst=0);2;ADDLINK;145653596;145684996;;
time.struct_time(tm_year=2012, tm_mon=4, tm_mday=13, tm_hour=4, tm_min=40, tm_sec=17, tm_wday=4, tm_yday=104, tm_isdst=0);2;ADDWIDGET;145695052;('Concept', 'ConceptNet');920.0;190.0;
time.struct_time(tm_year=2012, tm_mon=4, tm_mday=13, tm_hour=4, tm_min=40, tm_sec=17, tm_wday=4, tm_yday=104, tm_isdst=0);2;ADDLINK;145653596;145695052;;
time.struct_time(tm_year=2012, tm_mon=4, tm_mday=13, tm_hour=11, tm_min=52, tm_sec=46, tm_wday=4, tm_yday=104, tm_isdst=0);2;CLOSESCHEMA;
time.struct_time(tm_year=2012, tm_mon=4, tm_mday=13, tm_hour=14, tm_min=52, tm_sec=22, tm_wday=4, tm_yday=104, tm_isdst=0);3;NEWSCHEMA;
time.struct_time(tm_year=2012, tm_mon=4, tm_mday=13, tm_hour=14, tm_min=52, tm_sec=27, tm_wday=4, tm_yday=104, tm_isdst=0);3;ADDWIDGET;140347620;('Cloud', 'ConceptCloud');30.0;150.0;
time.struct_time(tm_year=2012, tm_mon=4, tm_mday=13, tm_hour=14, tm_min=52, tm_sec=28, tm_wday=4, tm_yday=104, tm_isdst=0);3;MOVEWIDGET;140347620;('Cloud', 'ConceptCloud');30.0;150.0;
time.struct_time(tm_year=2012, tm_mon=4, tm_mday=13, tm_hour=14, tm_min=52, tm_sec=30, tm_wday=4, tm_yday=104, tm_isdst=0);3;ADDWIDGET;144077276;('Cloud', 'ConceptCloud');140.0;150.0;
time.struct_time(tm_year=2012, tm_mon=4, tm_mday=13, tm_hour=14, tm_min=52, tm_sec=30, tm_wday=4, tm_yday=104, tm_isdst=0);3;ADDLINK;140347620;144077276;;
time.struct_time(tm_year=2012, tm_mon=4, tm_mday=13, tm_hour=14, tm_min=52, tm_sec=34, tm_wday=4, tm_yday=104, tm_isdst=0);3;MOVEWIDGET;144077276;('Cloud', 'ConceptCloud');140.0;150.0;
time.struct_time(tm_year=2012, tm_mon=4, tm_mday=13, tm_hour=14, tm_min=52, tm_sec=34, tm_wday=4, tm_yday=104, tm_isdst=0);3;ADDWIDGET;144079508;('Cloud', 'ConceptCloud');250.0;150.0;
time.struct_time(tm_year=2012, tm_mon=4, tm_mday=13, tm_hour=14, tm_min=52, tm_sec=34, tm_wday=4, tm_yday=104, tm_isdst=0);3;ADDLINK;144077276;144079508;;
time.struct_time(tm_year=2012, tm_mon=4, tm_mday=13, tm_hour=14, tm_min=52, tm_sec=35, tm_wday=4, tm_yday=104, tm_isdst=0);3;MOVEWIDGET;144079508;('Cloud', 'ConceptCloud');250.0;150.0;
time.struct_time(tm_year=2012, tm_mon=4, tm_mday=13, tm_hour=14, tm_min=52, tm_sec=36, tm_wday=4, tm_yday=104, tm_isdst=0);3;ADDWIDGET;144101852;('Cloud', 'ConceptCloud');360.0;-70.0;
time.struct_time(tm_year=2012, tm_mon=4, tm_mday=13, tm_hour=14, tm_min=52, tm_sec=36, tm_wday=4, tm_yday=104, tm_isdst=0);3;ADDLINK;144079508;144101852;;
time.struct_time(tm_year=2012, tm_mon=4, tm_mday=13, tm_hour=14, tm_min=52, tm_sec=36, tm_wday=4, tm_yday=104, tm_isdst=0);3;ADDWIDGET;144103652;('Cloud', 'ConceptCloud');360.0;40.0;
time.struct_time(tm_year=2012, tm_mon=4, tm_mday=13, tm_hour=14, tm_min=52, tm_sec=36, tm_wday=4, tm_yday=104, tm_isdst=0);3;ADDLINK;144079508;144103652;;
time.struct_time(tm_year=2012, tm_mon=4, tm_mday=13, tm_hour=14, tm_min=52, tm_sec=36, tm_wday=4, tm_yday=104, tm_isdst=0);3;ADDWIDGET;144117804;('Cloud', 'ConceptCloud');360.0;150.0;
time.struct_time(tm_year=2012, tm_mon=4, tm_mday=13, tm_hour=14, tm_min=52, tm_sec=36, tm_wday=4, tm_yday=104, tm_isdst=0);3;ADDLINK;144079508;144117804;;
time.struct_time(tm_year=2012, tm_mon=4, tm_mday=13, tm_hour=14, tm_min=52, tm_sec=36, tm_wday=4, tm_yday=104, tm_isdst=0);3;ADDWIDGET;144119604;('Cloud', 'ConceptCloud');360.0;260.0;
time.struct_time(tm_year=2012, tm_mon=4, tm_mday=13, tm_hour=14, tm_min=52, tm_sec=36, tm_wday=4, tm_yday=104, tm_isdst=0);3;ADDLINK;144079508;144119604;;
time.struct_time(tm_year=2012, tm_mon=4, tm_mday=13, tm_hour=14, tm_min=55, tm_sec=40, tm_wday=4, tm_yday=104, tm_isdst=0);3;ADDWIDGET;141471004;('Cloud', 'ConceptCloud');360.0;100.0;
time.struct_time(tm_year=2012, tm_mon=4, tm_mday=13, tm_hour=14, tm_min=55, tm_sec=40, tm_wday=4, tm_yday=104, tm_isdst=0);3;ADDLINK;144079508;141471004;;
time.struct_time(tm_year=2012, tm_mon=4, tm_mday=13, tm_hour=14, tm_min=55, tm_sec=40, tm_wday=4, tm_yday=104, tm_isdst=0);3;ADDWIDGET;144136852;('Cloud', 'ConceptCloud');360.0;210.0;
time.struct_time(tm_year=2012, tm_mon=4, tm_mday=13, tm_hour=14, tm_min=55, tm_sec=40, tm_wday=4, tm_yday=104, tm_isdst=0);3;ADDLINK;144079508;144136852;;
time.struct_time(tm_year=2012, tm_mon=4, tm_mday=13, tm_hour=14, tm_min=55, tm_sec=41, tm_wday=4, tm_yday=104, tm_isdst=0);3;ADDWIDGET;144151004;('Cloud', 'ConceptCloud');360.0;320.0;
time.struct_time(tm_year=2012, tm_mon=4, tm_mday=13, tm_hour=14, tm_min=55, tm_sec=41, tm_wday=4, tm_yday=104, tm_isdst=0);3;ADDLINK;144079508;144151004;;
time.struct_time(tm_year=2012, tm_mon=4, tm_mday=13, tm_hour=14, tm_min=55, tm_sec=50, tm_wday=4, tm_yday=104, tm_isdst=0);3;ADDWIDGET;144120540;('Concept', 'ConceptNet');250.0;150.0;
time.struct_time(tm_year=2012, tm_mon=4, tm_mday=13, tm_hour=14, tm_min=55, tm_sec=51, tm_wday=4, tm_yday=104, tm_isdst=0);3;MOVEWIDGET;144120540;('Concept', 'ConceptNet');250.0;150.0;
time.struct_time(tm_year=2012, tm_mon=4, tm_mday=13, tm_hour=14, tm_min=55, tm_sec=52, tm_wday=4, tm_yday=104, tm_isdst=0);3;ADDWIDGET;144137212;('Concept', 'ConceptNet');360.0;150.0;
time.struct_time(tm_year=2012, tm_mon=4, tm_mday=13, tm_hour=14, tm_min=55, tm_sec=52, tm_wday=4, tm_yday=104, tm_isdst=0);3;ADDLINK;144120540;144137212;;
time.struct_time(tm_year=2012, tm_mon=4, tm_mday=13, tm_hour=14, tm_min=55, tm_sec=53, tm_wday=4, tm_yday=104, tm_isdst=0);3;MOVEWIDGET;144137212;('Concept', 'ConceptNet');360.0;150.0;
time.struct_time(tm_year=2012, tm_mon=4, tm_mday=13, tm_hour=14, tm_min=55, tm_sec=53, tm_wday=4, tm_yday=104, tm_isdst=0);3;MOVEWIDGET;144137212;('Concept', 'ConceptNet');360.0;150.0;
time.struct_time(tm_year=2012, tm_mon=4, tm_mday=13, tm_hour=14, tm_min=55, tm_sec=54, tm_wday=4, tm_yday=104, tm_isdst=0);3;ADDWIDGET;144102212;('Concept', 'ConceptNet');470.0;150.0;
time.struct_time(tm_year=2012, tm_mon=4, tm_mday=13, tm_hour=14, tm_min=55, tm_sec=54, tm_wday=4, tm_yday=104, tm_isdst=0);3;ADDLINK;144137212;144102212;;
time.struct_time(tm_year=2012, tm_mon=4, tm_mday=13, tm_hour=14, tm_min=55, tm_sec=55, tm_wday=4, tm_yday=104, tm_isdst=0);3;MOVEWIDGET;144102212;('Concept', 'ConceptNet');470.0;150.0;
time.struct_time(tm_year=2012, tm_mon=4, tm_mday=13, tm_hour=14, tm_min=55, tm_sec=57, tm_wday=4, tm_yday=104, tm_isdst=0);3;ADDWIDGET;144120252;('Concept', 'ConceptNet');580.0;150.0;
time.struct_time(tm_year=2012, tm_mon=4, tm_mday=13, tm_hour=14, tm_min=55, tm_sec=57, tm_wday=4, tm_yday=104, tm_isdst=0);3;ADDLINK;144102212;144120252;;
time.struct_time(tm_year=2012, tm_mon=4, tm_mday=13, tm_hour=14, tm_min=55, tm_sec=59, tm_wday=4, tm_yday=104, tm_isdst=0);3;MOVEWIDGET;144120252;('Concept', 'ConceptNet');590.0;0.0;
time.struct_time(tm_year=2012, tm_mon=4, tm_mday=13, tm_hour=14, tm_min=56, tm_sec=1, tm_wday=4, tm_yday=104, tm_isdst=0);3;ADDWIDGET;144169548;('Concept', 'ConceptNet');580.0;150.0;
time.struct_time(tm_year=2012, tm_mon=4, tm_mday=13, tm_hour=14, tm_min=56, tm_sec=1, tm_wday=4, tm_yday=104, tm_isdst=0);3;ADDLINK;144102212;144169548;;
time.struct_time(tm_year=2012, tm_mon=4, tm_mday=13, tm_hour=14, tm_min=56, tm_sec=3, tm_wday=4, tm_yday=104, tm_isdst=0);3;MOVEWIDGET;144169548;('Concept', 'ConceptNet');770.0;150.0;
time.struct_time(tm_year=2012, tm_mon=4, tm_mday=13, tm_hour=14, tm_min=56, tm_sec=6, tm_wday=4, tm_yday=104, tm_isdst=0);3;ADDWIDGET;144192900;('Concept', 'ConceptNet');580.0;-130.0;
time.struct_time(tm_year=2012, tm_mon=4, tm_mday=13, tm_hour=14, tm_min=56, tm_sec=6, tm_wday=4, tm_yday=104, tm_isdst=0);3;ADDLINK;144102212;144192900;;
time.struct_time(tm_year=2012, tm_mon=4, tm_mday=13, tm_hour=14, tm_min=56, tm_sec=6, tm_wday=4, tm_yday=104, tm_isdst=0);3;ADDWIDGET;144200012;('Concept', 'ConceptNet');580.0;50.0;
time.struct_time(tm_year=2012, tm_mon=4, tm_mday=13, tm_hour=14, tm_min=56, tm_sec=6, tm_wday=4, tm_yday=104, tm_isdst=0);3;ADDLINK;144102212;144200012;;
time.struct_time(tm_year=2012, tm_mon=4, tm_mday=13, tm_hour=14, tm_min=56, tm_sec=6, tm_wday=4, tm_yday=104, tm_isdst=0);3;ADDWIDGET;144104084;('Concept', 'ConceptNet');580.0;100.0;
time.struct_time(tm_year=2012, tm_mon=4, tm_mday=13, tm_hour=14, tm_min=56, tm_sec=6, tm_wday=4, tm_yday=104, tm_isdst=0);3;ADDLINK;144102212;144104084;;
time.struct_time(tm_year=2012, tm_mon=4, tm_mday=13, tm_hour=14, tm_min=56, tm_sec=6, tm_wday=4, tm_yday=104, tm_isdst=0);3;ADDWIDGET;144135124;('Concept', 'ConceptNet');580.0;210.0;
time.struct_time(tm_year=2012, tm_mon=4, tm_mday=13, tm_hour=14, tm_min=56, tm_sec=6, tm_wday=4, tm_yday=104, tm_isdst=0);3;ADDLINK;144102212;144135124;;
time.struct_time(tm_year=2012, tm_mon=4, tm_mday=13, tm_hour=14, tm_min=56, tm_sec=6, tm_wday=4, tm_yday=104, tm_isdst=0);3;ADDWIDGET;144119676;('Concept', 'ConceptNet');580.0;320.0;
time.struct_time(tm_year=2012, tm_mon=4, tm_mday=13, tm_hour=14, tm_min=56, tm_sec=6, tm_wday=4, tm_yday=104, tm_isdst=0);3;ADDLINK;144102212;144119676;;
time.struct_time(tm_year=2012, tm_mon=4, tm_mday=13, tm_hour=14, tm_min=56, tm_sec=6, tm_wday=4, tm_yday=104, tm_isdst=0);3;ADDWIDGET;144151220;('Concept', 'ConceptNet');580.0;430.0;
time.struct_time(tm_year=2012, tm_mon=4, tm_mday=13, tm_hour=14, tm_min=56, tm_sec=6, tm_wday=4, tm_yday=104, tm_isdst=0);3;ADDLINK;144102212;144151220;;
time.struct_time(tm_year=2012, tm_mon=4, tm_mday=13, tm_hour=14, tm_min=56, tm_sec=9, tm_wday=4, tm_yday=104, tm_isdst=0);3;MOVEWIDGET;144192900;('Concept', 'ConceptNet');710.0;-130.0;
time.struct_time(tm_year=2012, tm_mon=4, tm_mday=13, tm_hour=14, tm_min=56, tm_sec=11, tm_wday=4, tm_yday=104, tm_isdst=0);3;MOVEWIDGET;144120252;('Concept', 'ConceptNet');710.0;10.0;
time.struct_time(tm_year=2012, tm_mon=4, tm_mday=13, tm_hour=14, tm_min=56, tm_sec=12, tm_wday=4, tm_yday=104, tm_isdst=0);3;MOVEWIDGET;144120252;('Concept', 'ConceptNet');450.0;-40.0;
time.struct_time(tm_year=2012, tm_mon=4, tm_mday=13, tm_hour=14, tm_min=56, tm_sec=13, tm_wday=4, tm_yday=104, tm_isdst=0);3;MOVEWIDGET;144200012;('Concept', 'ConceptNet');690.0;10.0;
time.struct_time(tm_year=2012, tm_mon=4, tm_mday=13, tm_hour=14, tm_min=56, tm_sec=14, tm_wday=4, tm_yday=104, tm_isdst=0);3;MOVEWIDGET;144104084;('Concept', 'ConceptNet');680.0;90.0;
time.struct_time(tm_year=2012, tm_mon=4, tm_mday=13, tm_hour=14, tm_min=56, tm_sec=15, tm_wday=4, tm_yday=104, tm_isdst=0);3;MOVEWIDGET;144135124;('Concept', 'ConceptNet');660.0;190.0;
time.struct_time(tm_year=2012, tm_mon=4, tm_mday=13, tm_hour=14, tm_min=56, tm_sec=16, tm_wday=4, tm_yday=104, tm_isdst=0);3;MOVEWIDGET;144119676;('Concept', 'ConceptNet');660.0;290.0;
time.struct_time(tm_year=2012, tm_mon=4, tm_mday=13, tm_hour=14, tm_min=56, tm_sec=18, tm_wday=4, tm_yday=104, tm_isdst=0);3;MOVEWIDGET;144151220;('Concept', 'ConceptNet');660.0;350.0;
time.struct_time(tm_year=2012, tm_mon=4, tm_mday=13, tm_hour=14, tm_min=56, tm_sec=21, tm_wday=4, tm_yday=104, tm_isdst=0);3;ADDWIDGET;144203252;('Concept', 'ConceptNet');580.0;100.0;
time.struct_time(tm_year=2012, tm_mon=4, tm_mday=13, tm_hour=14, tm_min=56, tm_sec=21, tm_wday=4, tm_yday=104, tm_isdst=0);3;ADDLINK;144102212;144203252;;
time.struct_time(tm_year=2012, tm_mon=4, tm_mday=13, tm_hour=14, tm_min=56, tm_sec=24, tm_wday=4, tm_yday=104, tm_isdst=0);3;MOVEWIDGET;144203252;('Concept', 'ConceptNet');470.0;350.0;
time.struct_time(tm_year=2012, tm_mon=4, tm_mday=13, tm_hour=14, tm_min=56, tm_sec=46, tm_wday=4, tm_yday=104, tm_isdst=0);3;ADDWIDGET;144214388;('Concept', 'ConceptNet');580.0;40.0;
time.struct_time(tm_year=2012, tm_mon=4, tm_mday=13, tm_hour=14, tm_min=56, tm_sec=46, tm_wday=4, tm_yday=104, tm_isdst=0);3;ADDLINK;144102212;144214388;;
time.struct_time(tm_year=2012, tm_mon=4, tm_mday=13, tm_hour=14, tm_min=56, tm_sec=46, tm_wday=4, tm_yday=104, tm_isdst=0);3;ADDWIDGET;146022876;('Concept', 'ConceptNet');580.0;150.0;
time.struct_time(tm_year=2012, tm_mon=4, tm_mday=13, tm_hour=14, tm_min=56, tm_sec=46, tm_wday=4, tm_yday=104, tm_isdst=0);3;ADDLINK;144102212;146022876;;
time.struct_time(tm_year=2012, tm_mon=4, tm_mday=13, tm_hour=14, tm_min=56, tm_sec=46, tm_wday=4, tm_yday=104, tm_isdst=0);3;ADDWIDGET;146024676;('Concept', 'ConceptNet');580.0;260.0;
time.struct_time(tm_year=2012, tm_mon=4, tm_mday=13, tm_hour=14, tm_min=56, tm_sec=46, tm_wday=4, tm_yday=104, tm_isdst=0);3;ADDLINK;144102212;146024676;;
time.struct_time(tm_year=2012, tm_mon=4, tm_mday=13, tm_hour=14, tm_min=56, tm_sec=48, tm_wday=4, tm_yday=104, tm_isdst=0);3;MOVEWIDGET;144214388;('Concept', 'ConceptNet');350.0;30.0;
time.struct_time(tm_year=2012, tm_mon=4, tm_mday=13, tm_hour=14, tm_min=56, tm_sec=53, tm_wday=4, tm_yday=104, tm_isdst=0);3;MOVEWIDGET;146022876;('Concept', 'ConceptNet');540.0;-10.0;
time.struct_time(tm_year=2012, tm_mon=4, tm_mday=13, tm_hour=14, tm_min=56, tm_sec=56, tm_wday=4, tm_yday=104, tm_isdst=0);3;MOVEWIDGET;144214388;('Concept', 'ConceptNet');340.0;20.0;
time.struct_time(tm_year=2012, tm_mon=4, tm_mday=13, tm_hour=14, tm_min=56, tm_sec=58, tm_wday=4, tm_yday=104, tm_isdst=0);3;MOVEWIDGET;146024676;('Concept', 'ConceptNet');370.0;290.0;
time.struct_time(tm_year=2012, tm_mon=4, tm_mday=13, tm_hour=14, tm_min=58, tm_sec=47, tm_wday=4, tm_yday=104, tm_isdst=0);3;MOVEWIDGET;144102212;('Concept', 'ConceptNet');480.0;100.0;
time.struct_time(tm_year=2012, tm_mon=4, tm_mday=13, tm_hour=14, tm_min=58, tm_sec=50, tm_wday=4, tm_yday=104, tm_isdst=0);3;MOVEWIDGET;144102212;('Concept', 'ConceptNet');480.0;100.0;
time.struct_time(tm_year=2012, tm_mon=4, tm_mday=13, tm_hour=14, tm_min=58, tm_sec=51, tm_wday=4, tm_yday=104, tm_isdst=0);3;MOVEWIDGET;144102212;('Concept', 'ConceptNet');480.0;100.0;
time.struct_time(tm_year=2012, tm_mon=4, tm_mday=13, tm_hour=14, tm_min=58, tm_sec=51, tm_wday=4, tm_yday=104, tm_isdst=0);3;ADDWIDGET;144201596;('Concept', 'ConceptNet');590.0;-120.0;
time.struct_time(tm_year=2012, tm_mon=4, tm_mday=13, tm_hour=14, tm_min=58, tm_sec=51, tm_wday=4, tm_yday=104, tm_isdst=0);3;ADDLINK;144102212;144201596;;
time.struct_time(tm_year=2012, tm_mon=4, tm_mday=13, tm_hour=14, tm_min=58, tm_sec=51, tm_wday=4, tm_yday=104, tm_isdst=0);3;ADDWIDGET;144194556;('Concept', 'ConceptNet');590.0;-10.0;
time.struct_time(tm_year=2012, tm_mon=4, tm_mday=13, tm_hour=14, tm_min=58, tm_sec=51, tm_wday=4, tm_yday=104, tm_isdst=0);3;ADDLINK;144102212;144194556;;
time.struct_time(tm_year=2012, tm_mon=4, tm_mday=13, tm_hour=14, tm_min=58, tm_sec=51, tm_wday=4, tm_yday=104, tm_isdst=0);3;ADDWIDGET;146026188;('Concept', 'ConceptNet');590.0;100.0;
time.struct_time(tm_year=2012, tm_mon=4, tm_mday=13, tm_hour=14, tm_min=58, tm_sec=51, tm_wday=4, tm_yday=104, tm_isdst=0);3;ADDLINK;144102212;146026188;;
time.struct_time(tm_year=2012, tm_mon=4, tm_mday=13, tm_hour=14, tm_min=58, tm_sec=51, tm_wday=4, tm_yday=104, tm_isdst=0);3;ADDWIDGET;146045012;('Concept', 'ConceptNet');590.0;210.0;
time.struct_time(tm_year=2012, tm_mon=4, tm_mday=13, tm_hour=14, tm_min=58, tm_sec=51, tm_wday=4, tm_yday=104, tm_isdst=0);3;ADDLINK;144102212;146045012;;
time.struct_time(tm_year=2012, tm_mon=4, tm_mday=13, tm_hour=14, tm_min=58, tm_sec=53, tm_wday=4, tm_yday=104, tm_isdst=0);3;MOVEWIDGET;144201596;('Concept', 'ConceptNet');610.0;-150.0;
time.struct_time(tm_year=2012, tm_mon=4, tm_mday=13, tm_hour=14, tm_min=58, tm_sec=54, tm_wday=4, tm_yday=104, tm_isdst=0);3;MOVEWIDGET;144194556;('Concept', 'ConceptNet');640.0;-20.0;
time.struct_time(tm_year=2012, tm_mon=4, tm_mday=13, tm_hour=14, tm_min=58, tm_sec=55, tm_wday=4, tm_yday=104, tm_isdst=0);3;MOVEWIDGET;146026188;('Concept', 'ConceptNet');680.0;80.0;
time.struct_time(tm_year=2012, tm_mon=4, tm_mday=13, tm_hour=14, tm_min=58, tm_sec=57, tm_wday=4, tm_yday=104, tm_isdst=0);3;MOVEWIDGET;146045012;('Concept', 'ConceptNet');650.0;230.0;
time.struct_time(tm_year=2012, tm_mon=4, tm_mday=13, tm_hour=14, tm_min=59, tm_sec=6, tm_wday=4, tm_yday=104, tm_isdst=0);3;MOVEWIDGET;144194556;('Concept', 'ConceptNet');690.0;-30.0;
time.struct_time(tm_year=2012, tm_mon=4, tm_mday=13, tm_hour=14, tm_min=59, tm_sec=8, tm_wday=4, tm_yday=104, tm_isdst=0);3;MOVEWIDGET;144201596;('Concept', 'ConceptNet');710.0;-140.0;
time.struct_time(tm_year=2012, tm_mon=4, tm_mday=13, tm_hour=14, tm_min=59, tm_sec=9, tm_wday=4, tm_yday=104, tm_isdst=0);3;MOVEWIDGET;146026188;('Concept', 'ConceptNet');720.0;80.0;
time.struct_time(tm_year=2012, tm_mon=4, tm_mday=13, tm_hour=14, tm_min=59, tm_sec=10, tm_wday=4, tm_yday=104, tm_isdst=0);3;MOVEWIDGET;144169548;('Concept', 'ConceptNet');490.0;-60.0;
time.struct_time(tm_year=2012, tm_mon=4, tm_mday=13, tm_hour=15, tm_min=1, tm_sec=8, tm_wday=4, tm_yday=104, tm_isdst=0);3;ADDWIDGET;146067932;('Concept', 'ConceptNet');760.0;230.0;
time.struct_time(tm_year=2012, tm_mon=4, tm_mday=13, tm_hour=15, tm_min=1, tm_sec=8, tm_wday=4, tm_yday=104, tm_isdst=0);3;ADDWIDGET;146069228;('Concept', 'ConceptNet');870.0;230.0;
time.struct_time(tm_year=2012, tm_mon=4, tm_mday=13, tm_hour=15, tm_min=1, tm_sec=10, tm_wday=4, tm_yday=104, tm_isdst=0);3;MOVEWIDGET;146067932;('Concept', 'ConceptNet');830.0;-60.0;
time.struct_time(tm_year=2012, tm_mon=4, tm_mday=13, tm_hour=15, tm_min=1, tm_sec=11, tm_wday=4, tm_yday=104, tm_isdst=0);3;MOVEWIDGET;146067932;('Concept', 'ConceptNet');830.0;-60.0;
time.struct_time(tm_year=2012, tm_mon=4, tm_mday=13, tm_hour=15, tm_min=1, tm_sec=16, tm_wday=4, tm_yday=104, tm_isdst=0);3;ADDWIDGET;146070884;('Concept', 'ConceptNet');940.0;-60.0;
time.struct_time(tm_year=2012, tm_mon=4, tm_mday=13, tm_hour=15, tm_min=1, tm_sec=16, tm_wday=4, tm_yday=104, tm_isdst=0);3;ADDLINK;146067932;146070884;;
time.struct_time(tm_year=2012, tm_mon=4, tm_mday=13, tm_hour=15, tm_min=1, tm_sec=19, tm_wday=4, tm_yday=104, tm_isdst=0);3;MOVEWIDGET;146070884;('Concept', 'ConceptNet');940.0;-60.0;
time.struct_time(tm_year=2012, tm_mon=4, tm_mday=13, tm_hour=15, tm_min=1, tm_sec=19, tm_wday=4, tm_yday=104, tm_isdst=0);3;ADDWIDGET;146085468;('Concept', 'ConceptNet');1050.0;-450.0;
time.struct_time(tm_year=2012, tm_mon=4, tm_mday=13, tm_hour=15, tm_min=1, tm_sec=19, tm_wday=4, tm_yday=104, tm_isdst=0);3;ADDLINK;146070884;146085468;;
time.struct_time(tm_year=2012, tm_mon=4, tm_mday=13, tm_hour=15, tm_min=1, tm_sec=19, tm_wday=4, tm_yday=104, tm_isdst=0);3;ADDWIDGET;146087268;('Concept', 'ConceptNet');1050.0;-340.0;
time.struct_time(tm_year=2012, tm_mon=4, tm_mday=13, tm_hour=15, tm_min=1, tm_sec=19, tm_wday=4, tm_yday=104, tm_isdst=0);3;ADDLINK;146070884;146087268;;
time.struct_time(tm_year=2012, tm_mon=4, tm_mday=13, tm_hour=15, tm_min=1, tm_sec=19, tm_wday=4, tm_yday=104, tm_isdst=0);3;ADDWIDGET;146093228;('Concept', 'ConceptNet');1050.0;-230.0;
time.struct_time(tm_year=2012, tm_mon=4, tm_mday=13, tm_hour=15, tm_min=1, tm_sec=19, tm_wday=4, tm_yday=104, tm_isdst=0);3;ADDLINK;146070884;146093228;;
time.struct_time(tm_year=2012, tm_mon=4, tm_mday=13, tm_hour=15, tm_min=1, tm_sec=19, tm_wday=4, tm_yday=104, tm_isdst=0);3;ADDWIDGET;146095028;('Concept', 'ConceptNet');1050.0;-120.0;
time.struct_time(tm_year=2012, tm_mon=4, tm_mday=13, tm_hour=15, tm_min=1, tm_sec=19, tm_wday=4, tm_yday=104, tm_isdst=0);3;ADDLINK;146070884;146095028;;
time.struct_time(tm_year=2012, tm_mon=4, tm_mday=13, tm_hour=15, tm_min=1, tm_sec=19, tm_wday=4, tm_yday=104, tm_isdst=0);3;ADDWIDGET;146105084;('Concept', 'ConceptNet');1050.0;-10.0;
time.struct_time(tm_year=2012, tm_mon=4, tm_mday=13, tm_hour=15, tm_min=1, tm_sec=19, tm_wday=4, tm_yday=104, tm_isdst=0);3;ADDLINK;146070884;146105084;;
time.struct_time(tm_year=2012, tm_mon=4, tm_mday=13, tm_hour=15, tm_min=1, tm_sec=20, tm_wday=4, tm_yday=104, tm_isdst=0);3;ADDWIDGET;146106884;('Concept', 'ConceptNet');1050.0;110.0;
time.struct_time(tm_year=2012, tm_mon=4, tm_mday=13, tm_hour=15, tm_min=1, tm_sec=20, tm_wday=4, tm_yday=104, tm_isdst=0);3;ADDLINK;146070884;146106884;;
time.struct_time(tm_year=2012, tm_mon=4, tm_mday=13, tm_hour=15, tm_min=1, tm_sec=20, tm_wday=4, tm_yday=104, tm_isdst=0);3;ADDWIDGET;146129228;('Concept', 'ConceptNet');1050.0;220.0;
time.struct_time(tm_year=2012, tm_mon=4, tm_mday=13, tm_hour=15, tm_min=1, tm_sec=20, tm_wday=4, tm_yday=104, tm_isdst=0);3;ADDLINK;146070884;146129228;;
time.struct_time(tm_year=2012, tm_mon=4, tm_mday=13, tm_hour=15, tm_min=1, tm_sec=20, tm_wday=4, tm_yday=104, tm_isdst=0);3;ADDWIDGET;146131028;('Concept', 'ConceptNet');1050.0;330.0;
time.struct_time(tm_year=2012, tm_mon=4, tm_mday=13, tm_hour=15, tm_min=1, tm_sec=20, tm_wday=4, tm_yday=104, tm_isdst=0);3;ADDLINK;146070884;146131028;;
time.struct_time(tm_year=2012, tm_mon=4, tm_mday=13, tm_hour=15, tm_min=1, tm_sec=24, tm_wday=4, tm_yday=104, tm_isdst=0);3;ADDWIDGET;146141516;('Concept', 'ConceptNet');1160.0;-340.0;
time.struct_time(tm_year=2012, tm_mon=4, tm_mday=13, tm_hour=15, tm_min=1, tm_sec=24, tm_wday=4, tm_yday=104, tm_isdst=0);3;ADDLINK;146087268;146141516;;
time.struct_time(tm_year=2012, tm_mon=4, tm_mday=13, tm_hour=15, tm_min=1, tm_sec=26, tm_wday=4, tm_yday=104, tm_isdst=0);3;ADDWIDGET;146143316;('Concept', 'ConceptNet');1270.0;-670.0;
time.struct_time(tm_year=2012, tm_mon=4, tm_mday=13, tm_hour=15, tm_min=1, tm_sec=26, tm_wday=4, tm_yday=104, tm_isdst=0);3;ADDLINK;146141516;146143316;;
time.struct_time(tm_year=2012, tm_mon=4, tm_mday=13, tm_hour=15, tm_min=1, tm_sec=26, tm_wday=4, tm_yday=104, tm_isdst=0);3;ADDWIDGET;146133396;('Concept', 'ConceptNet');1270.0;-560.0;
time.struct_time(tm_year=2012, tm_mon=4, tm_mday=13, tm_hour=15, tm_min=1, tm_sec=26, tm_wday=4, tm_yday=104, tm_isdst=0);3;ADDLINK;146141516;146133396;;
time.struct_time(tm_year=2012, tm_mon=4, tm_mday=13, tm_hour=15, tm_min=1, tm_sec=26, tm_wday=4, tm_yday=104, tm_isdst=0);3;ADDWIDGET;146135196;('Concept', 'ConceptNet');1270.0;-450.0;
time.struct_time(tm_year=2012, tm_mon=4, tm_mday=13, tm_hour=15, tm_min=1, tm_sec=26, tm_wday=4, tm_yday=104, tm_isdst=0);3;ADDLINK;146141516;146135196;;
time.struct_time(tm_year=2012, tm_mon=4, tm_mday=13, tm_hour=15, tm_min=1, tm_sec=26, tm_wday=4, tm_yday=104, tm_isdst=0);3;ADDLINK;146141516;146087268;;
time.struct_time(tm_year=2012, tm_mon=4, tm_mday=13, tm_hour=15, tm_min=1, tm_sec=26, tm_wday=4, tm_yday=104, tm_isdst=0);3;ADDWIDGET;146165876;('Concept', 'ConceptNet');1270.0;-340.0;
time.struct_time(tm_year=2012, tm_mon=4, tm_mday=13, tm_hour=15, tm_min=1, tm_sec=26, tm_wday=4, tm_yday=104, tm_isdst=0);3;ADDLINK;146141516;146165876;;
time.struct_time(tm_year=2012, tm_mon=4, tm_mday=13, tm_hour=15, tm_min=1, tm_sec=26, tm_wday=4, tm_yday=104, tm_isdst=0);3;ADDWIDGET;146167676;('Concept', 'ConceptNet');1270.0;-230.0;
time.struct_time(tm_year=2012, tm_mon=4, tm_mday=13, tm_hour=15, tm_min=1, tm_sec=26, tm_wday=4, tm_yday=104, tm_isdst=0);3;ADDLINK;146141516;146167676;;
time.struct_time(tm_year=2012, tm_mon=4, tm_mday=13, tm_hour=15, tm_min=1, tm_sec=26, tm_wday=4, tm_yday=104, tm_isdst=0);3;ADDWIDGET;146169476;('Concept', 'ConceptNet');1270.0;-120.0;
time.struct_time(tm_year=2012, tm_mon=4, tm_mday=13, tm_hour=15, tm_min=1, tm_sec=26, tm_wday=4, tm_yday=104, tm_isdst=0);3;ADDLINK;146141516;146169476;;
time.struct_time(tm_year=2012, tm_mon=4, tm_mday=13, tm_hour=15, tm_min=1, tm_sec=31, tm_wday=4, tm_yday=104, tm_isdst=0);3;ADDWIDGET;146183628;('Concept', 'ConceptNet');1160.0;-120.0;
time.struct_time(tm_year=2012, tm_mon=4, tm_mday=13, tm_hour=15, tm_min=1, tm_sec=31, tm_wday=4, tm_yday=104, tm_isdst=0);3;ADDLINK;146095028;146183628;;
time.struct_time(tm_year=2012, tm_mon=4, tm_mday=13, tm_hour=15, tm_min=1, tm_sec=33, tm_wday=4, tm_yday=104, tm_isdst=0);3;ADDWIDGET;146185932;('Concept', 'ConceptNet');1160.0;-10.0;
time.struct_time(tm_year=2012, tm_mon=4, tm_mday=13, tm_hour=15, tm_min=1, tm_sec=33, tm_wday=4, tm_yday=104, tm_isdst=0);3;ADDLINK;146105084;146185932;;
time.struct_time(tm_year=2012, tm_mon=4, tm_mday=13, tm_hour=15, tm_min=1, tm_sec=34, tm_wday=4, tm_yday=104, tm_isdst=0);3;MOVEWIDGET;146185932;('Concept', 'ConceptNet');1160.0;-10.0;
time.struct_time(tm_year=2012, tm_mon=4, tm_mday=13, tm_hour=15, tm_min=1, tm_sec=37, tm_wday=4, tm_yday=104, tm_isdst=0);3;ADDWIDGET;146192540;('Concept', 'ConceptNet');1270.0;-10.0;
time.struct_time(tm_year=2012, tm_mon=4, tm_mday=13, tm_hour=15, tm_min=1, tm_sec=37, tm_wday=4, tm_yday=104, tm_isdst=0);3;ADDLINK;146185932;146192540;;
time.struct_time(tm_year=2012, tm_mon=4, tm_mday=13, tm_hour=15, tm_min=1, tm_sec=37, tm_wday=4, tm_yday=104, tm_isdst=0);3;MOVEWIDGET;146185932;('Concept', 'ConceptNet');1160.0;-10.0;
time.struct_time(tm_year=2012, tm_mon=4, tm_mday=13, tm_hour=15, tm_min=1, tm_sec=40, tm_wday=4, tm_yday=104, tm_isdst=0);3;MOVEWIDGET;146183628;('Concept', 'ConceptNet');1160.0;-120.0;
time.struct_time(tm_year=2012, tm_mon=4, tm_mday=13, tm_hour=15, tm_min=1, tm_sec=43, tm_wday=4, tm_yday=104, tm_isdst=0);3;ADDWIDGET;146235940;('Concept', 'ConceptNet');1270.0;-180.0;
time.struct_time(tm_year=2012, tm_mon=4, tm_mday=13, tm_hour=15, tm_min=1, tm_sec=43, tm_wday=4, tm_yday=104, tm_isdst=0);3;ADDLINK;146183628;146235940;;
time.struct_time(tm_year=2012, tm_mon=4, tm_mday=13, tm_hour=15, tm_min=1, tm_sec=47, tm_wday=4, tm_yday=104, tm_isdst=0);3;ADDWIDGET;146237740;('Concept', 'ConceptNet');1270.0;-70.0;
time.struct_time(tm_year=2012, tm_mon=4, tm_mday=13, tm_hour=15, tm_min=1, tm_sec=47, tm_wday=4, tm_yday=104, tm_isdst=0);3;ADDLINK;146183628;146237740;;
time.struct_time(tm_year=2012, tm_mon=4, tm_mday=13, tm_hour=15, tm_min=1, tm_sec=47, tm_wday=4, tm_yday=104, tm_isdst=0);3;MOVEWIDGET;146183628;('Concept', 'ConceptNet');1160.0;-120.0;
time.struct_time(tm_year=2012, tm_mon=4, tm_mday=13, tm_hour=15, tm_min=1, tm_sec=50, tm_wday=4, tm_yday=104, tm_isdst=0);3;MOVEWIDGET;146235940;('Concept', 'ConceptNet');1310.0;-180.0;
time.struct_time(tm_year=2012, tm_mon=4, tm_mday=13, tm_hour=15, tm_min=1, tm_sec=53, tm_wday=4, tm_yday=104, tm_isdst=0);3;MOVEWIDGET;146237740;('Concept', 'ConceptNet');1330.0;-40.0;
time.struct_time(tm_year=2012, tm_mon=4, tm_mday=13, tm_hour=15, tm_min=3, tm_sec=50, tm_wday=4, tm_yday=104, tm_isdst=0);3;MOVEWIDGET;144120540;('Concept', 'ConceptNet');250.0;150.0;
time.struct_time(tm_year=2012, tm_mon=4, tm_mday=13, tm_hour=15, tm_min=4, tm_sec=0, tm_wday=4, tm_yday=104, tm_isdst=0);3;ADDWIDGET;146243700;('Concept', 'ConceptNet');360.0;210.0;
time.struct_time(tm_year=2012, tm_mon=4, tm_mday=13, tm_hour=15, tm_min=4, tm_sec=0, tm_wday=4, tm_yday=104, tm_isdst=0);3;ADDLINK;144120540;146243700;;
time.struct_time(tm_year=2012, tm_mon=4, tm_mday=13, tm_hour=15, tm_min=4, tm_sec=3, tm_wday=4, tm_yday=104, tm_isdst=0);3;MOVEWIDGET;146243700;('Concept', 'ConceptNet');360.0;360.0;
time.struct_time(tm_year=2012, tm_mon=4, tm_mday=13, tm_hour=15, tm_min=4, tm_sec=5, tm_wday=4, tm_yday=104, tm_isdst=0);3;MOVEWIDGET;146243700;('Concept', 'ConceptNet');360.0;360.0;
time.struct_time(tm_year=2012, tm_mon=4, tm_mday=13, tm_hour=15, tm_min=4, tm_sec=7, tm_wday=4, tm_yday=104, tm_isdst=0);3;MOVEWIDGET;146243700;('Concept', 'ConceptNet');360.0;360.0;
time.struct_time(tm_year=2012, tm_mon=4, tm_mday=13, tm_hour=15, tm_min=4, tm_sec=10, tm_wday=4, tm_yday=104, tm_isdst=0);3;MOVEWIDGET;144203252;('Concept', 'ConceptNet');530.0;250.0;
time.struct_time(tm_year=2012, tm_mon=4, tm_mday=13, tm_hour=15, tm_min=4, tm_sec=10, tm_wday=4, tm_yday=104, tm_isdst=0);3;MOVEWIDGET;146243700;('Concept', 'ConceptNet');360.0;360.0;
time.struct_time(tm_year=2012, tm_mon=4, tm_mday=13, tm_hour=15, tm_min=4, tm_sec=19, tm_wday=4, tm_yday=104, tm_isdst=0);3;MOVEWIDGET;144120540;('Concept', 'ConceptNet');250.0;150.0;
time.struct_time(tm_year=2012, tm_mon=4, tm_mday=13, tm_hour=15, tm_min=4, tm_sec=25, tm_wday=4, tm_yday=104, tm_isdst=0);3;ADDWIDGET;146244348;('Concept', 'ConceptNet');360.0;210.0;
time.struct_time(tm_year=2012, tm_mon=4, tm_mday=13, tm_hour=15, tm_min=4, tm_sec=25, tm_wday=4, tm_yday=104, tm_isdst=0);3;ADDLINK;144120540;146244348;;
time.struct_time(tm_year=2012, tm_mon=4, tm_mday=13, tm_hour=15, tm_min=4, tm_sec=27, tm_wday=4, tm_yday=104, tm_isdst=0);3;MOVEWIDGET;146244348;('Concept', 'ConceptNet');370.0;290.0;
time.struct_time(tm_year=2012, tm_mon=4, tm_mday=13, tm_hour=15, tm_min=4, tm_sec=27, tm_wday=4, tm_yday=104, tm_isdst=0);3;MOVEWIDGET;146244348;('Concept', 'ConceptNet');370.0;290.0;
time.struct_time(tm_year=2012, tm_mon=4, tm_mday=13, tm_hour=15, tm_min=4, tm_sec=28, tm_wday=4, tm_yday=104, tm_isdst=0);3;ADDWIDGET;146252468;('Concept', 'ConceptNet');480.0;290.0;
time.struct_time(tm_year=2012, tm_mon=4, tm_mday=13, tm_hour=15, tm_min=4, tm_sec=28, tm_wday=4, tm_yday=104, tm_isdst=0);3;ADDLINK;146244348;146252468;;
time.struct_time(tm_year=2012, tm_mon=4, tm_mday=13, tm_hour=15, tm_min=4, tm_sec=29, tm_wday=4, tm_yday=104, tm_isdst=0);3;MOVEWIDGET;146252468;('Concept', 'ConceptNet');490.0;370.0;
time.struct_time(tm_year=2012, tm_mon=4, tm_mday=13, tm_hour=15, tm_min=4, tm_sec=33, tm_wday=4, tm_yday=104, tm_isdst=0);3;ADDWIDGET;146192468;('Concept', 'ConceptNet');600.0;320.0;
time.struct_time(tm_year=2012, tm_mon=4, tm_mday=13, tm_hour=15, tm_min=4, tm_sec=33, tm_wday=4, tm_yday=104, tm_isdst=0);3;ADDLINK;146252468;146192468;;
time.struct_time(tm_year=2012, tm_mon=4, tm_mday=13, tm_hour=15, tm_min=4, tm_sec=33, tm_wday=4, tm_yday=104, tm_isdst=0);3;ADDWIDGET;150074396;('Concept', 'ConceptNet');600.0;430.0;
time.struct_time(tm_year=2012, tm_mon=4, tm_mday=13, tm_hour=15, tm_min=4, tm_sec=33, tm_wday=4, tm_yday=104, tm_isdst=0);3;ADDLINK;146252468;150074396;;
time.struct_time(tm_year=2012, tm_mon=4, tm_mday=13, tm_hour=15, tm_min=4, tm_sec=40, tm_wday=4, tm_yday=104, tm_isdst=0);3;MOVEWIDGET;146192468;('Concept', 'ConceptNet');460.0;220.0;
time.struct_time(tm_year=2012, tm_mon=4, tm_mday=13, tm_hour=15, tm_min=4, tm_sec=44, tm_wday=4, tm_yday=104, tm_isdst=0);3;ADDWIDGET;150075116;('Concept', 'ConceptNet');600.0;370.0;
time.struct_time(tm_year=2012, tm_mon=4, tm_mday=13, tm_hour=15, tm_min=4, tm_sec=44, tm_wday=4, tm_yday=104, tm_isdst=0);3;ADDLINK;146252468;150075116;;
time.struct_time(tm_year=2012, tm_mon=4, tm_mday=13, tm_hour=15, tm_min=4, tm_sec=47, tm_wday=4, tm_yday=104, tm_isdst=0);3;MOVEWIDGET;150075116;('Concept', 'ConceptNet');700.0;360.0;
time.struct_time(tm_year=2012, tm_mon=4, tm_mday=13, tm_hour=15, tm_min=4, tm_sec=51, tm_wday=4, tm_yday=104, tm_isdst=0);3;ADDWIDGET;150079284;('Concept', 'ConceptNet');600.0;320.0;
time.struct_time(tm_year=2012, tm_mon=4, tm_mday=13, tm_hour=15, tm_min=4, tm_sec=51, tm_wday=4, tm_yday=104, tm_isdst=0);3;ADDLINK;146252468;150079284;;
time.struct_time(tm_year=2012, tm_mon=4, tm_mday=13, tm_hour=15, tm_min=4, tm_sec=51, tm_wday=4, tm_yday=104, tm_isdst=0);3;ADDWIDGET;150074900;('Concept', 'ConceptNet');600.0;430.0;
time.struct_time(tm_year=2012, tm_mon=4, tm_mday=13, tm_hour=15, tm_min=4, tm_sec=51, tm_wday=4, tm_yday=104, tm_isdst=0);3;ADDLINK;146252468;150074900;;
time.struct_time(tm_year=2012, tm_mon=4, tm_mday=13, tm_hour=15, tm_min=4, tm_sec=54, tm_wday=4, tm_yday=104, tm_isdst=0);3;MOVEWIDGET;150079284;('Concept', 'ConceptNet');620.0;300.0;
time.struct_time(tm_year=2012, tm_mon=4, tm_mday=13, tm_hour=15, tm_min=4, tm_sec=55, tm_wday=4, tm_yday=104, tm_isdst=0);3;MOVEWIDGET;150074900;('Concept', 'ConceptNet');620.0;430.0;
time.struct_time(tm_year=2012, tm_mon=4, tm_mday=13, tm_hour=16, tm_min=44, tm_sec=37, tm_wday=4, tm_yday=104, tm_isdst=0);3;CLOSESCHEMA;
